2022-03-30 13:44:51,962 [Worker-1: Loading available Gradle versions] INFO  o.e.b.c.i.u.g.PublishedGradleVersions - Gradle version information cache is out-of-date. Trying to update.
2022-03-30 13:46:12,206 [Worker-2: Building workspace] INFO  o.e.m.c.i.l.LifecycleMappingFactory - Using org.eclipse.m2e.jdt.JarLifecycleMapping lifecycle mapping for MavenProject: SauceLabTest:SauceLabTool:0.0.1-SNAPSHOT @ C:\Users\SujathaD\git\Appium_SauceLab\pom.xml.
2022-03-30 13:46:12,206 [Worker-7: Updating Maven Dependencies] INFO  o.e.m.c.i.l.LifecycleMappingFactory - Using org.eclipse.m2e.jdt.JarLifecycleMapping lifecycle mapping for MavenProject: SauceLabTest:SauceLabTool:0.0.1-SNAPSHOT @ C:\Users\SujathaD\git\Appium_SauceLab\pom.xml.
2022-03-30 13:46:20,848 [Worker-2: Building workspace] WARN  o.e.m.c.i.embedder.EclipseLogger - Using platform encoding (Cp1252 actually) to copy filtered resources, i.e. build is platform dependent!
2022-03-30 13:46:20,851 [Worker-2: Building workspace] INFO  o.e.m.c.i.embedder.EclipseLogger - skip non existing resourceDirectory C:\Users\SujathaD\git\Appium_SauceLab\src\main\resources
2022-03-30 13:46:20,855 [Worker-2: Building workspace] WARN  o.e.m.c.i.embedder.EclipseLogger - Using platform encoding (Cp1252 actually) to copy filtered resources, i.e. build is platform dependent!
2022-03-30 13:46:20,865 [Worker-2: Building workspace] INFO  o.e.m.c.i.embedder.EclipseLogger - Copying 2 resources
2022-03-30 13:46:21,082 [Worker-6: Updating Maven Project] INFO  o.e.m.c.i.p.ProjectConfigurationManager - Update started
2022-03-30 13:46:21,849 [Worker-6: Updating Maven Project] INFO  o.e.m.c.i.l.LifecycleMappingFactory - Using org.eclipse.m2e.jdt.JarLifecycleMapping lifecycle mapping for MavenProject: SauceLabTest:SauceLabTool:0.0.1-SNAPSHOT @ C:\Users\SujathaD\git\Appium_SauceLab\pom.xml.
2022-03-30 13:46:22,517 [Worker-6: Updating Maven Project] INFO  o.e.m.j.i.AbstractJavaProjectConfigurator - Adding source folder /SauceLabAssignment/src/main/java
2022-03-30 13:46:22,519 [Worker-6: Updating Maven Project] INFO  o.e.m.j.i.AbstractJavaProjectConfigurator - Adding source folder /SauceLabAssignment/src/test/java
2022-03-30 13:46:22,519 [Worker-6: Updating Maven Project] INFO  o.e.m.j.i.AbstractJavaProjectConfigurator - Adding resource folder /SauceLabAssignment/src/test/resources
2022-03-30 13:46:22,808 [Worker-6: Updating Maven Project] INFO  o.e.m.c.i.p.ProjectConfigurationManager - Update completed: 1 sec
2022-03-30 13:46:23,912 [Worker-11: Updating Maven Dependencies] INFO  o.e.m.c.i.l.LifecycleMappingFactory - Using org.eclipse.m2e.jdt.JarLifecycleMapping lifecycle mapping for MavenProject: SauceLabTest:SauceLabTool:0.0.1-SNAPSHOT @ C:\Users\SujathaD\git\Appium_SauceLab\pom.xml.
2022-03-30 13:46:24,192 [Worker-12: Building workspace] WARN  o.e.m.c.i.embedder.EclipseLogger - Using platform encoding (Cp1252 actually) to copy filtered resources, i.e. build is platform dependent!
2022-03-30 13:46:24,195 [Worker-12: Building workspace] INFO  o.e.m.c.i.embedder.EclipseLogger - skip non existing resourceDirectory C:\Users\SujathaD\git\Appium_SauceLab\src\main\resources
2022-03-30 13:46:24,199 [Worker-12: Building workspace] WARN  o.e.m.c.i.embedder.EclipseLogger - Using platform encoding (Cp1252 actually) to copy filtered resources, i.e. build is platform dependent!
2022-03-30 13:46:24,205 [Worker-12: Building workspace] INFO  o.e.m.c.i.embedder.EclipseLogger - Copying 2 resources
2022-03-30 13:46:25,848 [Worker-11: Building workspace] WARN  o.e.m.c.i.embedder.EclipseLogger - Using platform encoding (Cp1252 actually) to copy filtered resources, i.e. build is platform dependent!
2022-03-30 13:46:25,849 [Worker-11: Building workspace] INFO  o.e.m.c.i.embedder.EclipseLogger - skip non existing resourceDirectory C:\Users\SujathaD\git\Appium_SauceLab\src\main\resources
2022-03-30 13:46:25,852 [Worker-11: Building workspace] WARN  o.e.m.c.i.embedder.EclipseLogger - Using platform encoding (Cp1252 actually) to copy filtered resources, i.e. build is platform dependent!
2022-03-30 13:46:25,856 [Worker-11: Building workspace] INFO  o.e.m.c.i.embedder.EclipseLogger - Copying 0 resource
2022-03-30 13:49:31,077 [Worker-12: Building workspace] INFO  o.e.m.c.i.l.LifecycleMappingFactory - Using org.eclipse.m2e.jdt.JarLifecycleMapping lifecycle mapping for MavenProject: SauceLabTest:SauceLabTool:0.0.1-SNAPSHOT @ C:\Users\SujathaD\Desktop\Training folder\eclipse-jee-2019-09-R-win32-x86_64\eclipse\AppiumAssignment\Appiumassignment\pom.xml.
2022-03-30 13:49:34,430 [Worker-12: Building workspace] WARN  o.e.m.c.i.embedder.EclipseLogger - Using platform encoding (Cp1252 actually) to copy filtered resources, i.e. build is platform dependent!
2022-03-30 13:49:34,433 [Worker-12: Building workspace] INFO  o.e.m.c.i.embedder.EclipseLogger - skip non existing resourceDirectory C:\Users\SujathaD\Desktop\Training folder\eclipse-jee-2019-09-R-win32-x86_64\eclipse\AppiumAssignment\Appiumassignment\src\main\resources
2022-03-30 13:49:34,437 [Worker-12: Building workspace] WARN  o.e.m.c.i.embedder.EclipseLogger - Using platform encoding (Cp1252 actually) to copy filtered resources, i.e. build is platform dependent!
2022-03-30 13:49:34,440 [Worker-12: Building workspace] INFO  o.e.m.c.i.embedder.EclipseLogger - Copying 2 resources
2022-03-30 13:49:35,626 [Worker-16: Building workspace] WARN  o.e.m.c.i.embedder.EclipseLogger - Using platform encoding (Cp1252 actually) to copy filtered resources, i.e. build is platform dependent!
2022-03-30 13:49:35,628 [Worker-16: Building workspace] INFO  o.e.m.c.i.embedder.EclipseLogger - skip non existing resourceDirectory C:\Users\SujathaD\Desktop\Training folder\eclipse-jee-2019-09-R-win32-x86_64\eclipse\AppiumAssignment\Appiumassignment\src\main\resources
2022-03-30 13:49:35,631 [Worker-16: Building workspace] WARN  o.e.m.c.i.embedder.EclipseLogger - Using platform encoding (Cp1252 actually) to copy filtered resources, i.e. build is platform dependent!
2022-03-30 13:49:38,247 [Worker-16: Building workspace] INFO  o.e.m.c.i.embedder.EclipseLogger - Copying 2 resources
2022-03-30 13:49:38,464 [Worker-19: Updating Maven Project] INFO  o.e.m.c.i.p.ProjectConfigurationManager - Update started
2022-03-30 13:49:46,057 [Worker-19: Updating Maven Project] INFO  o.e.m.c.i.l.LifecycleMappingFactory - Using org.eclipse.m2e.jdt.JarLifecycleMapping lifecycle mapping for MavenProject: SauceLabTest:SauceLabTool:0.0.1-SNAPSHOT @ C:\Users\SujathaD\git\Appium_SauceLab\pom.xml.
2022-03-30 13:49:46,346 [Worker-19: Updating Maven Project] INFO  o.e.m.c.i.l.LifecycleMappingFactory - Using org.eclipse.m2e.jdt.JarLifecycleMapping lifecycle mapping for MavenProject: SauceLabTest:SauceLabTool:0.0.1-SNAPSHOT @ C:\Users\SujathaD\Desktop\Training folder\eclipse-jee-2019-09-R-win32-x86_64\eclipse\AppiumAssignment\Appiumassignment\pom.xml.
2022-03-30 13:49:47,366 [Worker-19: Updating Maven Project] INFO  o.e.m.j.i.AbstractJavaProjectConfigurator - Adding source folder /Appiumassignment/src/main/java
2022-03-30 13:49:47,367 [Worker-19: Updating Maven Project] INFO  o.e.m.j.i.AbstractJavaProjectConfigurator - Adding source folder /Appiumassignment/src/test/java
2022-03-30 13:49:47,368 [Worker-19: Updating Maven Project] INFO  o.e.m.j.i.AbstractJavaProjectConfigurator - Adding resource folder /Appiumassignment/src/test/resources
2022-03-30 13:49:47,551 [Worker-19: Updating Maven Project] INFO  o.e.m.c.i.p.ProjectConfigurationManager - Update completed: 9 sec
2022-03-30 13:49:48,179 [Worker-6: Building workspace] WARN  o.e.m.c.i.embedder.EclipseLogger - Using platform encoding (Cp1252 actually) to copy filtered resources, i.e. build is platform dependent!
2022-03-30 13:49:48,181 [Worker-6: Building workspace] INFO  o.e.m.c.i.embedder.EclipseLogger - skip non existing resourceDirectory C:\Users\SujathaD\Desktop\Training folder\eclipse-jee-2019-09-R-win32-x86_64\eclipse\AppiumAssignment\Appiumassignment\src\main\resources
2022-03-30 13:49:48,183 [Worker-6: Building workspace] WARN  o.e.m.c.i.embedder.EclipseLogger - Using platform encoding (Cp1252 actually) to copy filtered resources, i.e. build is platform dependent!
2022-03-30 13:49:48,185 [Worker-6: Building workspace] INFO  o.e.m.c.i.embedder.EclipseLogger - Copying 2 resources
2022-03-30 13:49:48,950 [Worker-6: Building workspace] WARN  o.e.m.c.i.embedder.EclipseLogger - Using platform encoding (Cp1252 actually) to copy filtered resources, i.e. build is platform dependent!
2022-03-30 13:49:48,951 [Worker-6: Building workspace] INFO  o.e.m.c.i.embedder.EclipseLogger - skip non existing resourceDirectory C:\Users\SujathaD\git\Appium_SauceLab\src\main\resources
2022-03-30 13:49:48,953 [Worker-6: Building workspace] WARN  o.e.m.c.i.embedder.EclipseLogger - Using platform encoding (Cp1252 actually) to copy filtered resources, i.e. build is platform dependent!
2022-03-30 13:49:48,955 [Worker-6: Building workspace] INFO  o.e.m.c.i.embedder.EclipseLogger - Copying 0 resource
2022-03-30 14:14:22,367 [Worker-0: Building workspace] WARN  o.e.m.c.i.embedder.EclipseLogger - Using platform encoding (Cp1252 actually) to copy filtered resources, i.e. build is platform dependent!
2022-03-30 14:14:22,370 [Worker-0: Building workspace] INFO  o.e.m.c.i.embedder.EclipseLogger - skip non existing resourceDirectory C:\Users\SujathaD\Desktop\Training folder\eclipse-jee-2019-09-R-win32-x86_64\eclipse\AppiumAssignment\Appiumassignment\src\main\resources
2022-03-30 14:14:22,373 [Worker-0: Building workspace] WARN  o.e.m.c.i.embedder.EclipseLogger - Using platform encoding (Cp1252 actually) to copy filtered resources, i.e. build is platform dependent!
2022-03-30 14:14:22,375 [Worker-0: Building workspace] INFO  o.e.m.c.i.embedder.EclipseLogger - Copying 0 resource
2022-03-30 14:14:22,397 [Worker-0: Building workspace] WARN  o.e.m.c.i.embedder.EclipseLogger - Using platform encoding (Cp1252 actually) to copy filtered resources, i.e. build is platform dependent!
2022-03-30 14:14:22,399 [Worker-0: Building workspace] INFO  o.e.m.c.i.embedder.EclipseLogger - skip non existing resourceDirectory C:\Users\SujathaD\git\Appium_SauceLab\src\main\resources
2022-03-30 14:14:22,401 [Worker-0: Building workspace] WARN  o.e.m.c.i.embedder.EclipseLogger - Using platform encoding (Cp1252 actually) to copy filtered resources, i.e. build is platform dependent!
2022-03-30 14:14:22,403 [Worker-0: Building workspace] INFO  o.e.m.c.i.embedder.EclipseLogger - Copying 0 resource
2022-03-30 14:14:57,742 [Worker-0: Building workspace] WARN  o.e.m.c.i.embedder.EclipseLogger - Using platform encoding (Cp1252 actually) to copy filtered resources, i.e. build is platform dependent!
2022-03-30 14:14:57,743 [Worker-0: Building workspace] INFO  o.e.m.c.i.embedder.EclipseLogger - skip non existing resourceDirectory C:\Users\SujathaD\Desktop\Training folder\eclipse-jee-2019-09-R-win32-x86_64\eclipse\AppiumAssignment\Appiumassignment\src\main\resources
2022-03-30 14:14:57,745 [Worker-0: Building workspace] WARN  o.e.m.c.i.embedder.EclipseLogger - Using platform encoding (Cp1252 actually) to copy filtered resources, i.e. build is platform dependent!
2022-03-30 14:14:57,747 [Worker-0: Building workspace] INFO  o.e.m.c.i.embedder.EclipseLogger - Copying 2 resources
2022-03-30 14:16:31,930 [Worker-0: Building workspace] WARN  o.e.m.c.i.embedder.EclipseLogger - Using platform encoding (Cp1252 actually) to copy filtered resources, i.e. build is platform dependent!
2022-03-30 14:16:31,931 [Worker-0: Building workspace] INFO  o.e.m.c.i.embedder.EclipseLogger - skip non existing resourceDirectory C:\Users\SujathaD\git\Appium_SauceLab\src\main\resources
2022-03-30 14:16:31,934 [Worker-0: Building workspace] WARN  o.e.m.c.i.embedder.EclipseLogger - Using platform encoding (Cp1252 actually) to copy filtered resources, i.e. build is platform dependent!
2022-03-30 14:16:31,938 [Worker-0: Building workspace] INFO  o.e.m.c.i.embedder.EclipseLogger - Copying 1 resource
2022-03-30 14:17:39,630 [Worker-25: Building workspace] WARN  o.e.m.c.i.embedder.EclipseLogger - Using platform encoding (Cp1252 actually) to copy filtered resources, i.e. build is platform dependent!
2022-03-30 14:17:39,632 [Worker-25: Building workspace] INFO  o.e.m.c.i.embedder.EclipseLogger - skip non existing resourceDirectory C:\Users\SujathaD\Desktop\Training folder\eclipse-jee-2019-09-R-win32-x86_64\eclipse\AppiumAssignment\Appiumassignment\src\main\resources
2022-03-30 14:17:39,633 [Worker-25: Building workspace] WARN  o.e.m.c.i.embedder.EclipseLogger - Using platform encoding (Cp1252 actually) to copy filtered resources, i.e. build is platform dependent!
2022-03-30 14:17:39,635 [Worker-25: Building workspace] INFO  o.e.m.c.i.embedder.EclipseLogger - Copying 2 resources
2022-03-30 14:19:09,706 [Worker-24: Building workspace] WARN  o.e.m.c.i.embedder.EclipseLogger - Using platform encoding (Cp1252 actually) to copy filtered resources, i.e. build is platform dependent!
2022-03-30 14:19:09,708 [Worker-24: Building workspace] INFO  o.e.m.c.i.embedder.EclipseLogger - skip non existing resourceDirectory C:\Users\SujathaD\Desktop\Training folder\eclipse-jee-2019-09-R-win32-x86_64\eclipse\AppiumAssignment\Appiumassignment\src\main\resources
2022-03-30 14:19:09,713 [Worker-24: Building workspace] WARN  o.e.m.c.i.embedder.EclipseLogger - Using platform encoding (Cp1252 actually) to copy filtered resources, i.e. build is platform dependent!
2022-03-30 14:19:09,716 [Worker-24: Building workspace] INFO  o.e.m.c.i.embedder.EclipseLogger - Copying 2 resources
2022-03-30 14:21:17,212 [Worker-24: Building workspace] WARN  o.e.m.c.i.embedder.EclipseLogger - Using platform encoding (Cp1252 actually) to copy filtered resources, i.e. build is platform dependent!
2022-03-30 14:21:17,213 [Worker-24: Building workspace] INFO  o.e.m.c.i.embedder.EclipseLogger - skip non existing resourceDirectory C:\Users\SujathaD\Desktop\Training folder\eclipse-jee-2019-09-R-win32-x86_64\eclipse\AppiumAssignment\Appiumassignment\src\main\resources
2022-03-30 14:21:17,215 [Worker-24: Building workspace] WARN  o.e.m.c.i.embedder.EclipseLogger - Using platform encoding (Cp1252 actually) to copy filtered resources, i.e. build is platform dependent!
2022-03-30 14:21:17,217 [Worker-24: Building workspace] INFO  o.e.m.c.i.embedder.EclipseLogger - Copying 2 resources
2022-03-30 14:23:47,755 [Worker-0: Loading available Gradle versions] INFO  o.e.b.c.i.u.g.PublishedGradleVersions - Gradle version information cache is up-to-date. Trying to read.
